# JRE version: OpenJDK Runtime Environment (8.0_202-b03) (build 1.8.0_202-release-1483-b03)
# Java VM: OpenJDK 64-Bit Server VM (25.202-b03 mixed mode windows-amd64 compressed oops)
Heap:
 PSYoungGen      total 458240K, used 13492K [0x00000000d5580000, 0x00000000fdc80000, 0x0000000100000000)
  eden space 253440K, 3% used [0x00000000d5580000,0x00000000d5f664e8,0x00000000e4d00000)
  from space 204800K, 1% used [0x00000000e4d00000,0x00000000e5046e08,0x00000000f1500000)
  to   space 194048K, 0% used [0x00000000f1f00000,0x00000000f1f00000,0x00000000fdc80000)
 ParOldGen       total 550400K, used 373818K [0x0000000080000000, 0x00000000a1980000, 0x00000000d5580000)
  object space 550400K, 67% used [0x0000000080000000,0x0000000096d0e808,0x00000000a1980000)
 Metaspace       used 72477K, capacity 74518K, committed 74840K, reserved 1116160K
  class space    used 7729K, capacity 8196K, committed 8280K, reserved 1048576K
GC Heap History (10 events):
Event: 2622.880 GC heap before
{Heap before GC invocations=90 (full 7):
 PSYoungGen      total 465920K, used 236256K [0x00000000d5580000, 0x0000000100000000, 0x0000000100000000)
  eden space 232960K, 100% used [0x00000000d5580000,0x00000000e3900000,0x00000000e3900000)
  from space 232960K, 1% used [0x00000000f1c80000,0x00000000f1fb8000,0x0000000100000000)
  to   space 232960K, 0% used [0x00000000e3900000,0x00000000e3900000,0x00000000f1c80000)
 ParOldGen       total 550400K, used 365678K [0x0000000080000000, 0x00000000a1980000, 0x00000000d5580000)
  object space 550400K, 66% used [0x0000000080000000,0x000000009651bb28,0x00000000a1980000)
 Metaspace       used 72377K, capacity 74454K, committed 74584K, reserved 1116160K
  class space    used 7725K, capacity 8196K, committed 8280K, reserved 1048576K
Event: 2622.891 GC heap after
Heap after GC invocations=90 (full 7):
 PSYoungGen      total 465920K, used 8651K [0x00000000d5580000, 0x0000000100000000, 0x0000000100000000)
  eden space 232960K, 0% used [0x00000000d5580000,0x00000000d5580000,0x00000000e3900000)
  from space 232960K, 3% used [0x00000000e3900000,0x00000000e4172cf0,0x00000000f1c80000)
  to   space 232960K, 0% used [0x00000000f1c80000,0x00000000f1c80000,0x0000000100000000)
 ParOldGen       total 550400K, used 368702K [0x0000000080000000, 0x00000000a1980000, 0x00000000d5580000)
  object space 550400K, 66% used [0x0000000080000000,0x000000009680f828,0x00000000a1980000)
 Metaspace       used 72377K, capacity 74454K, committed 74584K, reserved 1116160K
  class space    used 7725K, capacity 8196K, committed 8280K, reserved 1048576K
}
Event: 2623.358 GC heap before
{Heap before GC invocations=91 (full 7):
 PSYoungGen      total 465920K, used 241611K [0x00000000d5580000, 0x0000000100000000, 0x0000000100000000)
  eden space 232960K, 100% used [0x00000000d5580000,0x00000000e3900000,0x00000000e3900000)
  from space 232960K, 3% used [0x00000000e3900000,0x00000000e4172cf0,0x00000000f1c80000)
  to   space 232960K, 0% used [0x00000000f1c80000,0x00000000f1c80000,0x0000000100000000)
 ParOldGen       total 550400K, used 368702K [0x0000000080000000, 0x00000000a1980000, 0x00000000d5580000)
  object space 550400K, 66% used [0x0000000080000000,0x000000009680f828,0x00000000a1980000)
 Metaspace       used 72421K, capacity 74454K, committed 74584K, reserved 1116160K
  class space    used 7729K, capacity 8196K, committed 8280K, reserved 1048576K
Event: 2623.364 GC heap after
Heap after GC invocations=91 (full 7):
 PSYoungGen      total 452608K, used 4133K [0x00000000d5580000, 0x00000000ff300000, 0x0000000100000000)
  eden space 232960K, 0% used [0x00000000d5580000,0x00000000d5580000,0x00000000e3900000)
  from space 219648K, 1% used [0x00000000f1c80000,0x00000000f2089480,0x00000000ff300000)
  to   space 226304K, 0% used [0x00000000e3900000,0x00000000e3900000,0x00000000f1600000)
 ParOldGen       total 550400K, used 373197K [0x0000000080000000, 0x00000000a1980000, 0x00000000d5580000)
  object space 550400K, 67% used [0x0000000080000000,0x0000000096c73648,0x00000000a1980000)
 Metaspace       used 72421K, capacity 74454K, committed 74584K, reserved 1116160K
  class space    used 7729K, capacity 8196K, committed 8280K, reserved 1048576K
}
Event: 2623.853 GC heap before
{Heap before GC invocations=92 (full 7):
 PSYoungGen      total 452608K, used 237093K [0x00000000d5580000, 0x00000000ff300000, 0x0000000100000000)
  eden space 232960K, 100% used [0x00000000d5580000,0x00000000e3900000,0x00000000e3900000)
  from space 219648K, 1% used [0x00000000f1c80000,0x00000000f2089480,0x00000000ff300000)
  to   space 226304K, 0% used [0x00000000e3900000,0x00000000e3900000,0x00000000f1600000)
 ParOldGen       total 550400K, used 373197K [0x0000000080000000, 0x00000000a1980000, 0x00000000d5580000)
  object space 550400K, 67% used [0x0000000080000000,0x0000000096c73648,0x00000000a1980000)
 Metaspace       used 72435K, capacity 74454K, committed 74584K, reserved 1116160K
  class space    used 7729K, capacity 8196K, committed 8280K, reserved 1048576K
Event: 2623.856 GC heap after
Heap after GC invocations=92 (full 7):
 PSYoungGen      total 459264K, used 1376K [0x00000000d5580000, 0x00000000ff280000, 0x0000000100000000)
  eden space 232960K, 0% used [0x00000000d5580000,0x00000000d5580000,0x00000000e3900000)
  from space 226304K, 0% used [0x00000000e3900000,0x00000000e3a58000,0x00000000f1600000)
  to   space 216064K, 0% used [0x00000000f1f80000,0x00000000f1f80000,0x00000000ff280000)
 ParOldGen       total 550400K, used 373810K [0x0000000080000000, 0x00000000a1980000, 0x00000000d5580000)
  object space 550400K, 67% used [0x0000000080000000,0x0000000096d0c808,0x00000000a1980000)
 Metaspace       used 72435K, capacity 74454K, committed 74584K, reserved 1116160K
  class space    used 7729K, capacity 8196K, committed 8280K, reserved 1048576K
}
Event: 2624.403 GC heap before
{Heap before GC invocations=93 (full 7):
 PSYoungGen      total 459264K, used 234336K [0x00000000d5580000, 0x00000000ff280000, 0x0000000100000000)
  eden space 232960K, 100% used [0x00000000d5580000,0x00000000e3900000,0x00000000e3900000)
  from space 226304K, 0% used [0x00000000e3900000,0x00000000e3a58000,0x00000000f1600000)
  to   space 216064K, 0% used [0x00000000f1f80000,0x00000000f1f80000,0x00000000ff280000)
 ParOldGen       total 550400K, used 373810K [0x0000000080000000, 0x00000000a1980000, 0x00000000d5580000)
  object space 550400K, 67% used [0x0000000080000000,0x0000000096d0c808,0x00000000a1980000)
 Metaspace       used 72461K, capacity 74518K, committed 74840K, reserved 1116160K
  class space    used 7729K, capacity 8196K, committed 8280K, reserved 1048576K
Event: 2624.408 GC heap after
Heap after GC invocations=93 (full 7):
 PSYoungGen      total 447488K, used 7028K [0x00000000d5580000, 0x00000000fdd00000, 0x0000000100000000)
  eden space 253440K, 0% used [0x00000000d5580000,0x00000000d5580000,0x00000000e4d00000)
  from space 194048K, 3% used [0x00000000f1f80000,0x00000000f265d198,0x00000000fdd00000)
  to   space 204800K, 0% used [0x00000000e4d00000,0x00000000e4d00000,0x00000000f1500000)
 ParOldGen       total 550400K, used 373818K [0x0000000080000000, 0x00000000a1980000, 0x00000000d5580000)
  object space 550400K, 67% used [0x0000000080000000,0x0000000096d0e808,0x00000000a1980000)
 Metaspace       used 72461K, capacity 74518K, committed 74840K, reserved 1116160K
  class space    used 7729K, capacity 8196K, committed 8280K, reserved 1048576K
}
Event: 2624.978 GC heap before
{Heap before GC invocations=94 (full 7):
 PSYoungGen      total 447488K, used 260468K [0x00000000d5580000, 0x00000000fdd00000, 0x0000000100000000)
  eden space 253440K, 100% used [0x00000000d5580000,0x00000000e4d00000,0x00000000e4d00000)
  from space 194048K, 3% used [0x00000000f1f80000,0x00000000f265d198,0x00000000fdd00000)
  to   space 204800K, 0% used [0x00000000e4d00000,0x00000000e4d00000,0x00000000f1500000)
 ParOldGen       total 550400K, used 373818K [0x0000000080000000, 0x00000000a1980000, 0x00000000d5580000)
  object space 550400K, 67% used [0x0000000080000000,0x0000000096d0e808,0x00000000a1980000)
 Metaspace       used 72477K, capacity 74518K, committed 74840K, reserved 1116160K
  class space    used 7729K, capacity 8196K, committed 8280K, reserved 1048576K
Event: 2624.984 GC heap after
Heap after GC invocations=94 (full 7):
 PSYoungGen      total 458240K, used 3355K [0x00000000d5580000, 0x00000000fdc80000, 0x0000000100000000)
  eden space 253440K, 0% used [0x00000000d5580000,0x00000000d5580000,0x00000000e4d00000)
  from space 204800K, 1% used [0x00000000e4d00000,0x00000000e5046e08,0x00000000f1500000)
  to   space 194048K, 0% used [0x00000000f1f00000,0x00000000f1f00000,0x00000000fdc80000)
 ParOldGen       total 550400K, used 373818K [0x0000000080000000, 0x00000000a1980000, 0x00000000d5580000)
  object space 550400K, 67% used [0x0000000080000000,0x0000000096d0e808,0x00000000a1980000)
 Metaspace       used 72477K, capacity 74518K, committed 74840K, reserved 1116160K
  class space    used 7729K, capacity 8196K, committed 8280K, reserved 1048576K
}

